<?xml version="1.0" encoding="UTF-8"?>
<testsuite xmlns:xsi="http://www.w3.org/2001/XMLSchema-instance" xsi:noNamespaceSchemaLocation="https://maven.apache.org/surefire/maven-surefire-plugin/xsd/surefire-test-report-3.0.xsd" version="3.0" name="zohoCRMGUIFramwWork.readingDataFromCommandLineTest" time="0.702" tests="1" errors="0" skipped="0" failures="0">
  <properties>
[...]
</properties>
  <testcase name="readdatafromCMD" classname="zohoCRMGUIFramwWork.readingDataFromCommandLineTest" time="0.053">
    <system-out><![CDATA[Env Url=====>http://UATEnv.com
Env Browser=====>chrome
Env Username=====>admin
Env Password=====>admin
]]></system-out>
  </testcase>
</testsuite>