<?xml version="1.0" encoding="UTF-8"?>
<testng-results ignored="0" total="1" passed="1" failed="0" skipped="0">
  <reporter-output>
  </reporter-output>
  <suite started-at="2025-03-18T09:23:22Z" name="Surefire suite" finished-at="2025-03-18T09:23:22Z" duration-ms="43">
    <groups>
    </groups>
    <test started-at="2025-03-18T09:23:22Z" name="Surefire test" finished-at="2025-03-18T09:23:22Z" duration-ms="43">
      <class name="zohoCRMGUIFramwWork.readingDataFromCommandLineTest">
        <test-method signature="readdatafromCMD()[pri:0, instance:zohoCRMGUIFramwWork.readingDataFromCommandLineTest@473b46c3]" started-at="2025-03-18T09:23:22Z" name="readdatafromCMD" finished-at="2025-03-18T09:23:22Z" duration-ms="14" status="PASS">
          <reporter-output>
          </reporter-output>
        </test-method> <!-- readdatafromCMD -->
      </class> <!-- zohoCRMGUIFramwWork.readingDataFromCommandLineTest -->
    </test> <!-- Surefire test -->
  </suite> <!-- Surefire suite -->
</testng-results>
